Loading round 0
Creating schema for the datastore using the following command:java -cp ".:./lib/*:./build/*:./bin/*" edu.usc.bg.BGMainClass onetime -schema -p ratingmode=false  -p friendcountperuser=10 -p thinktime=0 -db TestDS.TestDSClient -p interarrivaltime=0 -p expectedconfidence=95 -p initapproach=deterministic -p ratingunit=120 -p expectedlatency=0.1 -p warmupthreads=100 -p insertimage=false -p confperc=1 -p workloadfile=./workloads/HighUpdateActions -p imagesize=12 -p zipfianmean=0.27 -p exportfile=DistrStats -p bgmode=repeated -p expectedstaleness=1 -p numloadthreads=12 -p resourcecountperuser=10 -p validationapproach=INTERVAL -p warmup=100000 -p requestdistribution=dzipfian
Stdout: BGClient is in onetime mode.
Stdout: *****max execution time specified : 0
Stdout: BG Client: ThreadCount =1
Stdout: 
Stdout: Loading workload...
Stdout: Connected
Stdout: EXECUTIONDONE
Stdout: Creating data store schema...
Stdout: Schema creation was successful
Stdout: EXECUTIONDONE
Thread 0: trying to connect to the BG client's Listener port for loading on port: 12510.
java.net.ConnectException: Connection refused
	at java.net.PlainSocketImpl.socketConnect(Native Method)
	at java.net.AbstractPlainSocketImpl.doConnect(AbstractPlainSocketImpl.java:350)
	at java.net.AbstractPlainSocketImpl.connectToAddress(AbstractPlainSocketImpl.java:206)
	at java.net.AbstractPlainSocketImpl.connect(AbstractPlainSocketImpl.java:188)
	at java.net.SocksSocketImpl.connect(SocksSocketImpl.java:392)
	at java.net.Socket.connect(Socket.java:589)
	at java.net.Socket.connect(Socket.java:538)
	at java.net.Socket.<init>(Socket.java:434)
	at java.net.Socket.<init>(Socket.java:211)
	at BGLoadThread.run(Coordinator.java:98)
The population of the social graph by all the BGClients is completed.
Loading time = 1256
starting 127.0.0.1 12510 with 100
%%%%%%%%%%%%%%%%%%%%180
Thread 0: trying to connect to the BG client's Listener port 12510 .
java.net.ConnectException: Connection refused
	at java.net.PlainSocketImpl.socketConnect(Native Method)
	at java.net.AbstractPlainSocketImpl.doConnect(AbstractPlainSocketImpl.java:350)
	at java.net.AbstractPlainSocketImpl.connectToAddress(AbstractPlainSocketImpl.java:206)
	at java.net.AbstractPlainSocketImpl.connect(AbstractPlainSocketImpl.java:188)
	at java.net.SocksSocketImpl.connect(SocksSocketImpl.java:392)
	at java.net.Socket.connect(Socket.java:589)
	at java.net.Socket.connect(Socket.java:538)
	at java.net.Socket.<init>(Socket.java:434)
	at java.net.Socket.<init>(Socket.java:211)
	at BGRaterThread.initThread(Coordinator.java:307)
	at BGStarterThread.run(Coordinator.java:40)
