BGListener: started and waiting for connection on 12510
BGListener: Connection received from 192.168.0.16
Stdout: BGClient is in onetime mode.
Stdout: *****max execution time specified : 0
Stdout: BG Client: ThreadCount =10
Stdout: 
Stdout: Loading workload...
Stdout: Connected
Stdout: EXECUTIONDONE
Stdout: Creating the initial zipfian probabilities...
Stdout: Sum of original probs = 1.00000000000002
Stdout: Initial Zipfian probabilities are created.
Stdout: Done creating clusters.
Stdout: ClusterId0, 100000
Stdout: ZipfianMean=0.27 Usercount=100000 numMaxClusters=1; 20.0% of members have, 0.6336586807732366, initial probability.
Stdout: ZipfianMean=0.27 Usercount=100000 numMaxClusters=1; 20.0% of members have, 0.6336586807732238 clustering(new)probability.
Stdout: Time to create fragments :162 msecs
Stdout: Done dividing users
Stdout: 10 Seconds:  Load is in progress
Stdout: 20 Seconds:  Load is in progress
Stdout: 30 Seconds:  Load is in progress
Stdout: 40 Seconds:  Load is in progress
Stdout: 50 Seconds:  Load is in progress
Stdout: 60 Seconds:  Load is in progress
Stdout: 70 Seconds:  Load is in progress
Stdout: 80 Seconds:  Load is in progress
Stdout: 90 Seconds:  Load is in progress
Stdout: 100 Seconds:  Load is in progress
Stdout: 110 Seconds:  Load is in progress
Stdout: 120 Seconds:  Load is in progress
Stdout: 130 Seconds:  Load is in progress
Stdout: 140 Seconds:  Load is in progress
Stdout: 150 Seconds:  Load is in progress
Stdout: 160 Seconds:  Load is in progress
Stdout: 170 Seconds:  Load is in progress
Stdout: 180 Seconds:  Load is in progress
Stdout: 190 Seconds:  Load is in progress
Stdout: 200 Seconds:  Load is in progress
Stdout: 210 Seconds:  Load is in progress
Stdout: 220 Seconds:  Load is in progress
Stdout: 230 Seconds:  Load is in progress
Stdout: 240 Seconds:  Load is in progress
Stdout: 250 Seconds:  Load is in progress
Stdout: 260 Seconds:  Load is in progress
Stdout: 270 Seconds:  Load is in progress
Stdout: 280 Seconds:  Load is in progress
Stdout: 290 Seconds:  Load is in progress
Stdout: 300 Seconds:  Load is in progress
Stdout: 310 Seconds:  Load is in progress
Stdout: 320 Seconds:  Load is in progress
Stdout: 330 Seconds:  Load is in progress
Stdout: 340 Seconds:  Load is in progress
Stdout: 350 Seconds:  Load is in progress
Stdout: Done loading users
Stdout: 360 Seconds:  Load is in progress
Stdout: 370 Seconds:  Load is in progress
Stdout: 380 Seconds:  Load is in progress
Stdout: 390 Seconds:  Load is in progress
Stdout: 400 Seconds:  Load is in progress
Stdout: 410 Seconds:  Load is in progress
Stdout: 420 Seconds:  Load is in progress
Stdout: 430 Seconds:  Load is in progress
Stdout: 440 Seconds:  Load is in progress
Stdout: 450 Seconds:  Load is in progress
Stdout: 460 Seconds:  Load is in progress
Stdout: 470 Seconds:  Load is in progress
Stdout: 480 Seconds:  Load is in progress
Stdout: 490 Seconds:  Load is in progress
Stdout: 500 Seconds:  Load is in progress
Stdout: 510 Seconds:  Load is in progress
Stdout: 520 Seconds:  Load is in progress
Stdout: 530 Seconds:  Load is in progress
Stdout: 540 Seconds:  Load is in progress
Stdout: 550 Seconds:  Load is in progress
Stdout: Done loading friends
Stdout: Insertion failed. Make sure the appropriate data store schema was created.
BGListener: sent loading completed message to 192.168.0.16
BGlistener: ended loading data store will go wait for next request.
BGListener: Connection received from 192.168.0.16
BGLlistener: Starting the BGClient using:java -cp ".:./lib/*:./build/*:./bin/*" edu.usc.bg.BGMainClass repeated 45497
Stdout: Started
Got "started" msg from the BG client so it has started and ready.
BGListener:Listener connection socket created to BGClient on port 45497
****Msg fwded to BGClient:java -cp ".:./lib/*:./build/*:./bin/*" edu.usc.bg.BGMainClass repeated -t -P ./workloads/VeryLowUpdateActions -s -p machineid=0 -p threadcount=10 -p friendcountperuser=10 -p thinktime=0 -db TestDS.TestDSClient -p interarrivaltime=0 -p expectedconfidence=95 -p initapproach=deterministic -p maxexecutiontime=120 -p expectedlatency=0.1 -p warmupthreads=100 -p insertimage=false -p confperc=1 -p imagesize=12 -p monitor=180 -p zipfianmean=0.27 -p exportfile=DistrStats -p bgmode=repeated -p expectedstaleness=1 -p numloadthreads=12 -p resourcecountperuser=10 -p validationapproach=INTERVAL -p warmup=100000 -p requestdistribution=dzipfian -p ratingmode=true -p usercount=100000 -p probs=1.0@ -p numclients=1 -p useroffset=0  -p port=45497  # 
stdout:BGClient: started and Waiting for connection on 45497
stdout:BGClient is in repeated mode.
stdout:BGClient: Connection received from localhost
stdout:Initiated
BGListener:The connection initiation between listener and BGClient is established
stdout:BGClient: SENT initiation message to localhost
stdout:*****max execution time specified : 120
stdout:BG Client: ThreadCount =10
stdout:
stdout:Loading workload...
stdout:0
stdout:Create fragments in workload init phase
stdout:Creating the initial zipfian probabilities...
stdout:Sum of original probs = 1.00000000000002
stdout:Initial Zipfian probabilities are created.
stdout:Done creating clusters.
stdout:ClusterId0, 100000
stdout:ZipfianMean=0.27 Usercount=100000 numMaxClusters=1; 20.0% of members have, 0.6336586807732366, initial probability.
stdout:ZipfianMean=0.27 Usercount=100000 numMaxClusters=1; 20.0% of members have, 0.6336586807732238 clustering(new)probability.
stdout:Time to create fragments : 169 msec
stdout: (might take a few minutes for large data sets)
stdout:
stdout:After init: Sun Oct 25 18:39:18 PDT 2015
stdout:Starting warmup with 100 threads and 100000 operations.
stdout:num warmup Ops done (sessions=: 100099, actions=100000)
stdout:End warmup. elapsedTime = 8427
stdout:
stdout:After warmup: Sun Oct 25 18:39:27 PDT 2015
stdout:Connected
BGListener: sent connected message to 192.168.0.16
BGListener:Listener receieved the start simulation msg from the coordinator and needs to fwd it to the BGClient.
BGListener: sent StartSimulation message to BG Client on 45497
BGListener:Waiting for stats from the BG client...
Stdout: BGCLient: Received start simulation msg and will run benchmark
Stdout: Starting benchmark.
Stdout:  0 sec: 0 actions;  0 sec: 0 operations; 
Stdout: Maximum execution time specified as: 120 secs
Stdout: creating the kill thread which waits for kill msg and once received one it kills the BG client
Stdout: KILL THREAD CREATED
Stdout: creating monitoring thread to monitor the performance of the BGClient
Stdout: KILL THREAD STARTED
Stdout: MONITORING THREAD CREATED
Stdout: MONITORING THREAD STARTED
Stdout:  10 sec: 188282 actions; 18828.2 current acts/sec;  10 sec: 188380 operations; 18838 current ops/sec; [INV AverageResponseTime(us)=1446.14][ACCEPT AverageResponseTime(us)=2050][FRIENDS AverageResponseTime(us)=3744.44][PROFILE AverageResponseTime(us)=351.18][UNFRIEND AverageResponseTime(us)=2504.47][PENDING AverageResponseTime(us)=345][GETTOPRES AverageResponseTime(us)=346.94]
Stdout: de.zib.scalaris.UnknownException: com.ericsson.otp.erlang.OtpErlangTuple cannot be cast to com.ericsson.otp.erlang.OtpErlangList,
Stdout:   Erlang message: {badrpc,{'EXIT',{badarg,[{comm,send_local,3,[{file,"src/comm.erl"},{line,209}]},{rdht_tx_read,'-quorum_read/4-lc$^0/1-0-',4,[{file,"src/transactions/rdht_tx_read.erl"},{line,115}]},{rdht_tx_read,quorum_read,4,[{file,"src/transactions/rdht_tx_read.erl"},{line,115}]},{rdht_tx_read,work_phase_key,5,[{file,"src/transactions/rdht_tx_read.erl"},{line,101}]},{rdht_tx,'-initiate_rdht_ops/1-lc$^0/1-0-',1,[{file,"src/transactions/rdht_tx.erl"},{line,161}]},{rdht_tx,upd_tlog_via_rdht,2,[{file,"src/transactions/rdht_tx.erl"},{line,132}]},{rdht_tx,req_list,3,[{file,"src/transactions/rdht_tx.erl"},{line,62}]},{util,tc,2,[{file,"src/util.erl"},{line,527}]}]}}}
Stdout: 	at de.zib.scalaris.TransactionSingleOp.req_list(TransactionSingleOp.java:385)
Stdout: 	at de.zib.scalaris.TransactionSingleOp.req_list(TransactionSingleOp.java:112)
Stdout: 	at de.zib.scalaris.AbstractTransaction.req_list(AbstractTransaction.java:106)
Stdout: 	at de.zib.scalaris.AbstractTransaction.read(AbstractTransaction.java:168)
Stdout: 	at de.zib.scalaris.AbstractTransaction.read(AbstractTransaction.java:198)
Stdout: 	at TestDS.TransactionHelper.read(Unknown Source)
Stdout: 	at TestDS.TransactionHelper.readUser(Unknown Source)
Stdout: 	at TestDS.TestDSClient.listFriends(Unknown Source)
Stdout: 	at edu.usc.bg.base.DBWrapper.listFriends(Unknown Source)
Stdout: 	at edu.usc.bg.workloads.CoreWorkload.doActionGetFriends(Unknown Source)
Stdout: 	at edu.usc.bg.workloads.CoreWorkload.doTransaction(Unknown Source)
Stdout: 	at edu.usc.bg.base.ClientThread.run(Unknown Source)
Stdout: de.zib.scalaris.UnknownException: com.ericsson.otp.erlang.OtpErlangTuple cannot be cast to com.ericsson.otp.erlang.OtpErlangList,
Stdout:   Erlang message: {badrpc,{'EXIT',{badarith,[{rt_chord,get_replica_keys,1,[{file,"src/rt_chord.erl"},{line,261}]},{rdht_tx_read,quorum_read,4,[{file,"src/transactions/rdht_tx_read.erl"},{line,114}]},{rdht_tx_read,work_phase_key,5,[{file,"src/transactions/rdht_tx_read.erl"},{line,101}]},{rdht_tx,'-initiate_rdht_ops/1-lc$^0/1-0-',1,[{file,"src/transactions/rdht_tx.erl"},{line,161}]},{rdht_tx,upd_tlog_via_rdht,2,[{file,"src/transactions/rdht_tx.erl"},{line,132}]},{rdht_tx,req_list,3,[{file,"src/transactions/rdht_tx.erl"},{line,62}]},{util,tc,2,[{file,"src/util.erl"},{line,527}]},{api_txc,req_list,2,[{file,"src/api_txc.erl"},{line,46}]}]}}}
Stdout: 	at de.zib.scalaris.TransactionSingleOp.req_list(TransactionSingleOp.java:385)
Stdout: 	at de.zib.scalaris.TransactionSingleOp.req_list(TransactionSingleOp.java:112)
Stdout: 	at de.zib.scalaris.AbstractTransaction.req_list(AbstractTransaction.java:106)
Stdout: 	at de.zib.scalaris.AbstractTransaction.read(AbstractTransaction.java:168)
Stdout: 	at de.zib.scalaris.AbstractTransaction.read(AbstractTransaction.java:198)
Stdout: 	at TestDS.TransactionHelper.read(Unknown Source)
Stdout: 	at TestDS.TransactionHelper.readUser(Unknown Source)
Stdout: 	at TestDS.TestDSClient.viewTopKResources(Unknown Source)
Stdout: 	at edu.usc.bg.base.DBWrapper.viewTopKResources(Unknown Source)
Stdout: 	at edu.usc.bg.workloads.CoreWorkload.doActionGetTopResources(Unknown Source)
Stdout: 	at edu.usc.bg.workloads.CoreWorkload.doTransaction(Unknown Source)
Stdout: 	at edu.usc.bg.base.ClientThread.run(Unknown Source)
Stdout: de.zib.scalaris.UnknownException: com.ericsson.otp.erlang.OtpErlangTuple cannot be cast to com.ericsson.otp.erlang.OtpErlangList,
Stdout:   Erlang message: {badrpc,{'EXIT',{badarg,[{comm,send_local,3,[{file,"src/comm.erl"},{line,209}]},{rdht_tx_read,'-quorum_read/4-lc$^0/1-0-',4,[{file,"src/transactions/rdht_tx_read.erl"},{line,115}]},{rdht_tx_read,quorum_read,4,[{file,"src/transactions/rdht_tx_read.erl"},{line,115}]},{rdht_tx_read,work_phase_key,5,[{file,"src/transactions/rdht_tx_read.erl"},{line,101}]},{rdht_tx,'-initiate_rdht_ops/1-lc$^0/1-0-',1,[{file,"src/transactions/rdht_tx.erl"},{line,161}]},{rdht_tx,upd_tlog_via_rdht,2,[{file,"src/transactions/rdht_tx.erl"},{line,132}]},{rdht_tx,req_list,3,[{file,"src/transactions/rdht_tx.erl"},{line,62}]},{util,tc,2,[{file,"src/util.erl"},{line,527}]}]}}}
Stdout: 	at de.zib.scalaris.TransactionSingleOp.req_list(TransactionSingleOp.java:385)
Stdout: 	at de.zib.scalaris.TransactionSingleOp.req_list(TransactionSingleOp.java:112)
Stdout: 	at de.zib.scalaris.AbstractTransaction.req_list(AbstractTransaction.java:106)
Stdout: 	at de.zib.scalaris.AbstractTransaction.read(AbstractTransaction.java:168)
Stdout: 	at de.zib.scalaris.AbstractTransaction.read(AbstractTransaction.java:198)
Stdout: 	at TestDS.TransactionHelper.read(Unknown Source)
Stdout: 	at TestDS.TransactionHelper.readUser(Unknown Source)
Stdout: 	at TestDS.TestDSClient.listFriends(Unknown Source)
Stdout: 	at edu.usc.bg.base.DBWrapper.listFriends(Unknown Source)
Stdout: 	at edu.usc.bg.workloads.CoreWorkload.doActionGetFriends(Unknown Source)
Stdout: 	at edu.usc.bg.workloads.CoreWorkload.doTransaction(Unknown Source)
Stdout: 	at edu.usc.bg.base.ClientThread.run(Unknown Source)
Stdout: de.zib.scalaris.UnknownException: com.ericsson.otp.erlang.OtpErlangTuple cannot be cast to com.ericsson.otp.erlang.OtpErlangList,
Stdout:   Erlang message: {badrpc,{'EXIT',{badarg,[{comm,send_local,3,[{file,"src/comm.erl"},{line,209}]},{rdht_tx_read,'-quorum_read/4-lc$^0/1-0-',4,[{file,"src/transactions/rdht_tx_read.erl"},{line,115}]},{rdht_tx_read,quorum_read,4,[{file,"src/transactions/rdht_tx_read.erl"},{line,115}]},{rdht_tx_read,work_phase_key,5,[{file,"src/transactions/rdht_tx_read.erl"},{line,101}]},{rdht_tx,'-initiate_rdht_ops/1-lc$^0/1-0-',1,[{file,"src/transactions/rdht_tx.erl"},{line,161}]},{rdht_tx,upd_tlog_via_rdht,2,[{file,"src/transactions/rdht_tx.erl"},{line,132}]},{rdht_tx,req_list,3,[{file,"src/transactions/rdht_tx.erl"},{line,62}]},{util,tc,2,[{file,"src/util.erl"},{line,527}]}]}}}
Stdout: 	at de.zib.scalaris.TransactionSingleOp.req_list(TransactionSingleOp.java:385)
Stdout: 	at de.zib.scalaris.TransactionSingleOp.req_list(TransactionSingleOp.java:112)
Stdout: 	at de.zib.scalaris.AbstractTransaction.req_list(AbstractTransaction.java:106)
Stdout: 	at de.zib.scalaris.AbstractTransaction.read(AbstractTransaction.java:168)
Stdout: 	at de.zib.scalaris.AbstractTransaction.read(AbstractTransaction.java:198)
Stdout: 	at TestDS.TransactionHelper.read(Unknown Source)
Stdout: 	at TestDS.TransactionHelper.readUser(Unknown Source)
Stdout: 	at TestDS.TestDSClient.listFriends(Unknown Source)
Stdout: 	at edu.usc.bg.base.DBWrapper.listFriends(Unknown Source)
Stdout: 	at edu.usc.bg.workloads.CoreWorkload.doActionGetFriends(Unknown Source)
Stdout: 	at edu.usc.bg.workloads.CoreWorkload.doTransaction(Unknown Source)
Stdout: 	at edu.usc.bg.base.ClientThread.run(Unknown Source)
Stdout: de.zib.scalaris.UnknownException: com.ericsson.otp.erlang.OtpErlangTuple cannot be cast to com.ericsson.otp.erlang.OtpErlangList,
Stdout:   Erlang message: {badrpc,{'EXIT',{badarg,[{comm,send_local,3,[{file,"src/comm.erl"},{line,209}]},{rdht_tx_read,'-quorum_read/4-lc$^0/1-0-',4,[{file,"src/transactions/rdht_tx_read.erl"},{line,115}]},{rdht_tx_read,quorum_read,4,[{file,"src/transactions/rdht_tx_read.erl"},{line,115}]},{rdht_tx_read,work_phase_key,5,[{file,"src/transactions/rdht_tx_read.erl"},{line,101}]},{rdht_tx,'-initiate_rdht_ops/1-lc$^0/1-0-',1,[{file,"src/transactions/rdht_tx.erl"},{line,161}]},{rdht_tx,upd_tlog_via_rdht,2,[{file,"src/transactions/rdht_tx.erl"},{line,132}]},{rdht_tx,req_list,3,[{file,"src/transactions/rdht_tx.erl"},{line,62}]},{util,tc,2,[{file,"src/util.erl"},{line,527}]}]}}}
Stdout: 	at de.zib.scalaris.TransactionSingleOp.req_list(TransactionSingleOp.java:385)
Stdout: 	at de.zib.scalaris.TransactionSingleOp.req_list(TransactionSingleOp.java:112)
Stdout: 	at de.zib.scalaris.AbstractTransaction.req_list(AbstractTransaction.java:106)
Stdout: 	at de.zib.scalaris.AbstractTransaction.read(AbstractTransaction.java:168)
Stdout: 	at de.zib.scalaris.AbstractTransaction.read(AbstractTransaction.java:198)
Stdout: 	at TestDS.TransactionHelper.read(Unknown Source)
Stdout: 	at TestDS.TransactionHelper.readUser(Unknown Source)
Stdout: 	at TestDS.TestDSClient.viewProfile(Unknown Source)
Stdout: 	at edu.usc.bg.base.DBWrapper.viewProfile(Unknown Source)
Stdout: 	at edu.usc.bg.workloads.CoreWorkload.doActionGetProfile(Unknown Source)
Stdout: 	at edu.usc.bg.workloads.CoreWorkload.doTransaction(Unknown Source)
Stdout: 	at edu.usc.bg.base.ClientThread.run(Unknown Source)
Stdout: de.zib.scalaris.UnknownException: com.ericsson.otp.erlang.OtpErlangTuple cannot be cast to com.ericsson.otp.erlang.OtpErlangList,
Stdout:   Erlang message: {badrpc,{'EXIT',{badarg,[{comm,send_local,3,[{file,"src/comm.erl"},{line,209}]},{rdht_tx_read,'-quorum_read/4-lc$^0/1-0-',4,[{file,"src/transactions/rdht_tx_read.erl"},{line,115}]},{rdht_tx_read,quorum_read,4,[{file,"src/transactions/rdht_tx_read.erl"},{line,115}]},{rdht_tx_read,work_phase_key,5,[{file,"src/transactions/rdht_tx_read.erl"},{line,101}]},{rdht_tx,'-initiate_rdht_ops/1-lc$^0/1-0-',1,[{file,"src/transactions/rdht_tx.erl"},{line,161}]},{rdht_tx,upd_tlog_via_rdht,2,[{file,"src/transactions/rdht_tx.erl"},{line,132}]},{rdht_tx,req_list,3,[{file,"src/transactions/rdht_tx.erl"},{line,62}]},{util,tc,2,[{file,"src/util.erl"},{line,527}]}]}}}
Stdout: 	at de.zib.scalaris.TransactionSingleOp.req_list(TransactionSingleOp.java:385)
Stdout: 	at de.zib.scalaris.TransactionSingleOp.req_list(TransactionSingleOp.java:112)
Stdout: 	at de.zib.scalaris.AbstractTransaction.req_list(AbstractTransaction.java:106)
Stdout: 	at de.zib.scalaris.AbstractTransaction.read(AbstractTransaction.java:168)
Stdout: 	at de.zib.scalaris.AbstractTransaction.read(AbstractTransaction.java:198)
Stdout: 	at TestDS.TransactionHelper.read(Unknown Source)
Stdout: 	at TestDS.TransactionHelper.readUser(Unknown Source)
Stdout: 	at TestDS.TestDSClient.viewProfile(Unknown Source)
Stdout: 	at edu.usc.bg.base.DBWrapper.viewProfile(Unknown Source)
Stdout: 	at edu.usc.bg.workloads.CoreWorkload.doActionGetProfile(Unknown Source)
Stdout: 	at edu.usc.bg.workloads.CoreWorkload.doTransaction(Unknown Source)
Stdout: 	at edu.usc.bg.base.ClientThread.run(Unknown Source)
Stdout: de.zib.scalaris.UnknownException: com.ericsson.otp.erlang.OtpErlangTuple cannot be cast to com.ericsson.otp.erlang.OtpErlangList,
Stdout:   Erlang message: {badrpc,{'EXIT',{badarg,[{comm,send_local,3,[{file,"src/comm.erl"},{line,209}]},{rdht_tx_read,'-quorum_read/4-lc$^0/1-0-',4,[{file,"src/transactions/rdht_tx_read.erl"},{line,115}]},{rdht_tx_read,quorum_read,4,[{file,"src/transactions/rdht_tx_read.erl"},{line,115}]},{rdht_tx_read,work_phase_key,5,[{file,"src/transactions/rdht_tx_read.erl"},{line,101}]},{rdht_tx,'-initiate_rdht_ops/1-lc$^0/1-0-',1,[{file,"src/transactions/rdht_tx.erl"},{line,161}]},{rdht_tx,upd_tlog_via_rdht,2,[{file,"src/transactions/rdht_tx.erl"},{line,132}]},{rdht_tx,req_list,3,[{file,"src/transactions/rdht_tx.erl"},{line,62}]},{util,tc,2,[{file,"src/util.erl"},{line,527}]}]}}}
Stdout: 	at de.zib.scalaris.TransactionSingleOp.req_list(TransactionSingleOp.java:385)
Stdout: 	at de.zib.scalaris.TransactionSingleOp.req_list(TransactionSingleOp.java:112)
Stdout: 	at de.zib.scalaris.AbstractTransaction.req_list(AbstractTransaction.java:106)
Stdout: 	at de.zib.scalaris.AbstractTransaction.read(AbstractTransaction.java:168)
Stdout: 	at de.zib.scalaris.AbstractTransaction.read(AbstractTransaction.java:198)
Stdout: 	at TestDS.TransactionHelper.read(Unknown Source)
Stdout: 	at TestDS.TransactionHelper.readUser(Unknown Source)
Stdout: 	at TestDS.TestDSClient.viewProfile(Unknown Source)
Stdout: 	at edu.usc.bg.base.DBWrapper.viewProfile(Unknown Source)
Stdout: 	at edu.usc.bg.workloads.CoreWorkload.doActionGetProfile(Unknown Source)
Stdout: 	at edu.usc.bg.workloads.CoreWorkload.doTransaction(Unknown Source)
Stdout: 	at edu.usc.bg.base.ClientThread.run(Unknown Source)
Stdout: de.zib.scalaris.UnknownException: com.ericsson.otp.erlang.OtpErlangTuple cannot be cast to com.ericsson.otp.erlang.OtpErlangList,
Stdout:   Erlang message: {badrpc,{'EXIT',{badarg,[{comm,send_local,3,[{file,"src/comm.erl"},{line,209}]},{rdht_tx_read,'-quorum_read/4-lc$^0/1-0-',4,[{file,"src/transactions/rdht_tx_read.erl"},{line,115}]},{rdht_tx_read,quorum_read,4,[{file,"src/transactions/rdht_tx_read.erl"},{line,115}]},{rdht_tx_read,work_phase_key,5,[{file,"src/transactions/rdht_tx_read.erl"},{line,101}]},{rdht_tx,'-initiate_rdht_ops/1-lc$^0/1-0-',1,[{file,"src/transactions/rdht_tx.erl"},{line,161}]},{rdht_tx,upd_tlog_via_rdht,2,[{file,"src/transactions/rdht_tx.erl"},{line,132}]},{rdht_tx,req_list,3,[{file,"src/transactions/rdht_tx.erl"},{line,62}]},{util,tc,2,[{file,"src/util.erl"},{line,527}]}]}}}
Stdout: 	at de.zib.scalaris.TransactionSingleOp.req_list(TransactionSingleOp.java:385)
Stdout: 	at de.zib.scalaris.TransactionSingleOp.req_list(TransactionSingleOp.java:112)
Stdout: 	at de.zib.scalaris.AbstractTransaction.req_list(AbstractTransaction.java:106)
Stdout: 	at de.zib.scalaris.AbstractTransaction.read(AbstractTransaction.java:168)
Stdout: 	at de.zib.scalaris.AbstractTransaction.read(AbstractTransaction.java:198)
Stdout: 	at TestDS.TransactionHelper.read(Unknown Source)
Stdout: 	at TestDS.TransactionHelper.readUser(Unknown Source)
Stdout: 	at TestDS.TestDSClient.listFriends(Unknown Source)
Stdout: 	at edu.usc.bg.base.DBWrapper.listFriends(Unknown Source)
Stdout: 	at edu.usc.bg.workloads.CoreWorkload.doActionGetFriends(Unknown Source)
Stdout: 	at edu.usc.bg.workloads.CoreWorkload.doTransaction(Unknown Source)
Stdout: 	at edu.usc.bg.base.ClientThread.run(Unknown Source)
Stdout: de.zib.scalaris.UnknownException: com.ericsson.otp.erlang.OtpErlangTuple cannot be cast to com.ericsson.otp.erlang.OtpErlangList,
Stdout:   Erlang message: {badrpc,{'EXIT',{badarg,[{comm,send_local,3,[{file,"src/comm.erl"},{line,209}]},{rdht_tx_read,'-quorum_read/4-lc$^0/1-0-',4,[{file,"src/transactions/rdht_tx_read.erl"},{line,115}]},{rdht_tx_read,quorum_read,4,[{file,"src/transactions/rdht_tx_read.erl"},{line,115}]},{rdht_tx_read,work_phase_key,5,[{file,"src/transactions/rdht_tx_read.erl"},{line,101}]},{rdht_tx,'-initiate_rdht_ops/1-lc$^0/1-0-',1,[{file,"src/transactions/rdht_tx.erl"},{line,161}]},{rdht_tx,upd_tlog_via_rdht,2,[{file,"src/transactions/rdht_tx.erl"},{line,132}]},{rdht_tx,req_list,3,[{file,"src/transactions/rdht_tx.erl"},{line,62}]},{util,tc,2,[{file,"src/util.erl"},{line,527}]}]}}}
Stdout: 	at de.zib.scalaris.TransactionSingleOp.req_list(TransactionSingleOp.java:385)
Stdout: 	at de.zib.scalaris.TransactionSingleOp.req_list(TransactionSingleOp.java:112)
Stdout: 	at de.zib.scalaris.AbstractTransaction.req_list(AbstractTransaction.java:106)
Stdout: 	at de.zib.scalaris.AbstractTransaction.read(AbstractTransaction.java:168)
Stdout: 	at de.zib.scalaris.AbstractTransaction.read(AbstractTransaction.java:198)
Stdout: 	at TestDS.TransactionHelper.read(Unknown Source)
Stdout: 	at TestDS.TransactionHelper.readUser(Unknown Source)
Stdout: 	at TestDS.TestDSClient.listFriends(Unknown Source)
Stdout: 	at edu.usc.bg.base.DBWrapper.listFriends(Unknown Source)
Stdout: 	at edu.usc.bg.workloads.CoreWorkload.doActionGetFriends(Unknown Source)
Stdout: 	at edu.usc.bg.workloads.CoreWorkload.doTransaction(Unknown Source)
Stdout: 	at edu.usc.bg.base.ClientThread.run(Unknown Source)
Initiated
BGListener: sent stats to coordinator ....
BGListener: waiting for new round....
