Loading round 0
Creating schema for the datastore using the following command:java -cp ".:./lib/*:./build/*:./bin/*" edu.usc.bg.BGMainClass onetime -schema -p ratingmode=false  -p friendcountperuser=10 -p thinktime=0 -db TestDS.TestDSClient -p interarrivaltime=0 -p expectedconfidence=95 -p initapproach=deterministic -p ratingunit=180 -p expectedlatency=0.1 -p warmupthreads=100 -p insertimage=false -p confperc=1 -p workloadfile=./workloads/HighUpdateActions -p imagesize=12 -p zipfianmean=0.27 -p exportfile=DistrStats -p bgmode=onetime -p expectedstaleness=1 -p numloadthreads=12 -p resourcecountperuser=10 -p validationapproach=INTERVAL -p warmup=100000 -p requestdistribution=dzipfian
Stdout: BGClient is in onetime mode.
Stdout: *****max execution time specified : 0
Stdout: BG Client: ThreadCount =1
Stdout: 
Stdout: Loading workload...
Stdout: Connected
Stdout: EXECUTIONDONE
Stdout: Creating data store schema...
Stdout: Schema creation was successful
Stdout: EXECUTIONDONE
Thread 0: trying to connect to the BG client's Listener port for loading on port: 12510.
Thread 0: connection socket created to BG client's listener for machine 127.0.0.1 on port 12510.
Thread 0: sending load msg to BG client's listener... MSG:java -cp ".:./lib/*:./build/*:./bin/*" edu.usc.bg.BGMainClass  onetime  -loadindex  -P ./workloads/populateDB -p machineid=0 -p ratingmode=false -p friendcountperuser=10 -p thinktime=0 -db TestDS.TestDSClient -p interarrivaltime=0 -p expectedconfidence=95 -p initapproach=deterministic -p ratingunit=180 -p expectedlatency=0.1 -p warmupthreads=100 -p insertimage=false -p confperc=1 -p imagesize=12 -p zipfianmean=0.27 -p exportfile=DistrStats -p bgmode=onetime -p expectedstaleness=1 -p numloadthreads=12 -p resourcecountperuser=10 -p validationapproach=INTERVAL -p warmup=100000 -p requestdistribution=dzipfian -p usercount=100000 -p probs=1.0@ -p numclients=1 -p threadcount=12 -p useroffset=0 #  .
Thread 0: sent the java -cp ".:./lib/*:./build/*:./bin/*" edu.usc.bg.BGMainClass  onetime  -loadindex  -P ./workloads/populateDB -p machineid=0 -p ratingmode=false -p friendcountperuser=10 -p thinktime=0 -db TestDS.TestDSClient -p interarrivaltime=0 -p expectedconfidence=95 -p initapproach=deterministic -p ratingunit=180 -p expectedlatency=0.1 -p warmupthreads=100 -p insertimage=false -p confperc=1 -p imagesize=12 -p zipfianmean=0.27 -p exportfile=DistrStats -p bgmode=onetime -p expectedstaleness=1 -p numloadthreads=12 -p resourcecountperuser=10 -p validationapproach=INTERVAL -p warmup=100000 -p requestdistribution=dzipfian -p usercount=100000 -p probs=1.0@ -p numclients=1 -p threadcount=12 -p useroffset=0 #  msg to the BG client.
127.0.0.1****Thread 0: Loading completed.
The population of the social graph by all the BGClients is completed.
Loading time = 2226
starting 127.0.0.1 12510 with 100
%%%%%%%%%%%%%%%%%%%%20
Thread 0: trying to connect to the BG client's Listener port 12510 .
Thread 0 connection socket created to BG client's listener 127.0.0.1 on port 12510 .
Thread 0: sending msg to BG client's listener... java -cp ".:./lib/*:./build/*:./bin/*" edu.usc.bg.BGMainClass onetime -t  -P ./workloads/HighUpdateActions -s -p machineid=0 -p threadcount=100 -p friendcountperuser=10 -p thinktime=0 -db TestDS.TestDSClient -p interarrivaltime=0 -p expectedconfidence=95 -p initapproach=deterministic -p maxexecutiontime=180 -p expectedlatency=0.1 -p warmupthreads=100 -p insertimage=false -p confperc=1 -p imagesize=12 -p monitor=20 -p zipfianmean=0.27 -p exportfile=DistrStats -p bgmode=onetime -p expectedstaleness=1 -p numloadthreads=12 -p resourcecountperuser=10 -p validationapproach=INTERVAL -p warmup=100000 -p requestdistribution=dzipfian -p ratingmode=true -p usercount=100000 -p probs=1.0@ -p numclients=1 -p useroffset=0 #  .
Thread 0: sent the java -cp ".:./lib/*:./build/*:./bin/*" edu.usc.bg.BGMainClass onetime -t  -P ./workloads/HighUpdateActions -s -p machineid=0 -p threadcount=100 -p friendcountperuser=10 -p thinktime=0 -db TestDS.TestDSClient -p interarrivaltime=0 -p expectedconfidence=95 -p initapproach=deterministic -p maxexecutiontime=180 -p expectedlatency=0.1 -p warmupthreads=100 -p insertimage=false -p confperc=1 -p imagesize=12 -p monitor=20 -p zipfianmean=0.27 -p exportfile=DistrStats -p bgmode=onetime -p expectedstaleness=1 -p numloadthreads=12 -p resourcecountperuser=10 -p validationapproach=INTERVAL -p warmup=100000 -p requestdistribution=dzipfian -p ratingmode=true -p usercount=100000 -p probs=1.0@ -p numclients=1 -p useroffset=0 #  msg to the BG client.
127.0.0.1****Thread 0: the connection is established and the BGClient Listener has started the BG client.



#######Attempt for 100 threads


All listeners and their BG client processes have started and created connections. Need to send startSimulation msg.
Thread 0: sending start message to the BG client Listener which forwards it to the BG client...
Thread 0: sent the StartSimulation  msg to the BG client Listener which will fwd it to the BG client...
Thread 0: waiting to get the stats...
0Experiment done!
####### First round with 100 threads did not succeed!
